2019-12-14T17:39:11+00:00 CRITICAL Uncaught Error: Call to undefined function prin_r() in /home/jotner/domains/jotner.se/public_html/eznet/wp-content/plugins/frakt-bud.php:61
Stack trace:
#0 /home/jotner/domains/jotner.se/public_html/eznet/wp-content/plugins/woocommerce/includes/abstracts/abstract-wc-shipping-method.php(233): Imp_WC_Pickup_Shipping_Method->calculate_shipping(Array)
#1 /home/jotner/domains/jotner.se/public_html/eznet/wp-content/plugins/woocommerce/includes/class-wc-shipping.php(334): WC_Shipping_Method->get_rates_for_package(Array)
#2 /home/jotner/domains/jotner.se/public_html/eznet/wp-content/plugins/woocommerce/includes/class-wc-shipping.php(258): WC_Shipping->calculate_shipping_for_package(Array, 0)
#3 /home/jotner/domains/jotner.se/public_html/eznet/wp-content/plugins/woocommerce/includes/class-wc-cart.php(1259): WC_Shipping->calculate_shipping(Array)
#4 /home/jotner/domains/jotner.se/public_html/eznet/wp-content/plugins/woocommerce/includes/class-wc-cart-totals.php(345): WC_Cart->calculate_shipping()
#5 /home/jotner/domain i /home/jotner/domains/jotner.se/public_html/eznet/wp-content/plugins/frakt-bud.php på rad 61

2019-12-14T17:40:51+00:00 CRITICAL Uncaught Error: Call to undefined method WC_Shipping::get_shipping_class() in /home/jotner/domains/jotner.se/public_html/eznet/wp-content/plugins/frakt-bud.php:61
Stack trace:
#0 /home/jotner/domains/jotner.se/public_html/eznet/wp-content/plugins/woocommerce/includes/abstracts/abstract-wc-shipping-method.php(233): Imp_WC_Pickup_Shipping_Method->calculate_shipping(Array)
#1 /home/jotner/domains/jotner.se/public_html/eznet/wp-content/plugins/woocommerce/includes/class-wc-shipping.php(334): WC_Shipping_Method->get_rates_for_package(Array)
#2 /home/jotner/domains/jotner.se/public_html/eznet/wp-content/plugins/woocommerce/includes/class-wc-shipping.php(258): WC_Shipping->calculate_shipping_for_package(Array, 0)
#3 /home/jotner/domains/jotner.se/public_html/eznet/wp-content/plugins/woocommerce/includes/class-wc-cart.php(1259): WC_Shipping->calculate_shipping(Array)
#4 /home/jotner/domains/jotner.se/public_html/eznet/wp-content/plugins/woocommerce/includes/class-wc-cart-totals.php(345): WC_Cart->calculate_shipping() i /home/jotner/domains/jotner.se/public_html/eznet/wp-content/plugins/frakt-bud.php på rad 61

2019-12-14T17:41:06+00:00 CRITICAL Uncaught Error: Call to undefined method WC_Shipping::get_shipping_class() in /home/jotner/domains/jotner.se/public_html/eznet/wp-content/plugins/frakt-bud.php:61
Stack trace:
#0 /home/jotner/domains/jotner.se/public_html/eznet/wp-content/plugins/woocommerce/includes/abstracts/abstract-wc-shipping-method.php(233): Imp_WC_Pickup_Shipping_Method->calculate_shipping(Array)
#1 /home/jotner/domains/jotner.se/public_html/eznet/wp-content/plugins/woocommerce/includes/class-wc-shipping.php(334): WC_Shipping_Method->get_rates_for_package(Array)
#2 /home/jotner/domains/jotner.se/public_html/eznet/wp-content/plugins/woocommerce/includes/class-wc-shipping.php(258): WC_Shipping->calculate_shipping_for_package(Array, 0)
#3 /home/jotner/domains/jotner.se/public_html/eznet/wp-content/plugins/woocommerce/includes/class-wc-cart.php(1259): WC_Shipping->calculate_shipping(Array)
#4 /home/jotner/domains/jotner.se/public_html/eznet/wp-content/plugins/woocommerce/includes/class-wc-cart-totals.php(345): WC_Cart->calculate_shipping() i /home/jotner/domains/jotner.se/public_html/eznet/wp-content/plugins/frakt-bud.php på rad 61

2019-12-14T17:41:09+00:00 CRITICAL Uncaught Error: Call to undefined method WC_Shipping::get_shipping_class() in /home/jotner/domains/jotner.se/public_html/eznet/wp-content/plugins/frakt-bud.php:61
Stack trace:
#0 /home/jotner/domains/jotner.se/public_html/eznet/wp-content/plugins/woocommerce/includes/abstracts/abstract-wc-shipping-method.php(233): Imp_WC_Pickup_Shipping_Method->calculate_shipping(Array)
#1 /home/jotner/domains/jotner.se/public_html/eznet/wp-content/plugins/woocommerce/includes/class-wc-shipping.php(334): WC_Shipping_Method->get_rates_for_package(Array)
#2 /home/jotner/domains/jotner.se/public_html/eznet/wp-content/plugins/woocommerce/includes/class-wc-shipping.php(258): WC_Shipping->calculate_shipping_for_package(Array, 0)
#3 /home/jotner/domains/jotner.se/public_html/eznet/wp-content/plugins/woocommerce/includes/class-wc-cart.php(1259): WC_Shipping->calculate_shipping(Array)
#4 /home/jotner/domains/jotner.se/public_html/eznet/wp-content/plugins/woocommerce/includes/class-wc-cart-totals.php(345): WC_Cart->calculate_shipping() i /home/jotner/domains/jotner.se/public_html/eznet/wp-content/plugins/frakt-bud.php på rad 61

2019-12-14T17:43:02+00:00 CRITICAL Uncaught Error: Call to undefined method WC_Shipping::get_shipping_classes_id() in /home/jotner/domains/jotner.se/public_html/eznet/wp-content/plugins/frakt-bud.php:61
Stack trace:
#0 /home/jotner/domains/jotner.se/public_html/eznet/wp-content/plugins/woocommerce/includes/abstracts/abstract-wc-shipping-method.php(233): Imp_WC_Pickup_Shipping_Method->calculate_shipping(Array)
#1 /home/jotner/domains/jotner.se/public_html/eznet/wp-content/plugins/woocommerce/includes/class-wc-shipping.php(334): WC_Shipping_Method->get_rates_for_package(Array)
#2 /home/jotner/domains/jotner.se/public_html/eznet/wp-content/plugins/woocommerce/includes/class-wc-shipping.php(258): WC_Shipping->calculate_shipping_for_package(Array, 0)
#3 /home/jotner/domains/jotner.se/public_html/eznet/wp-content/plugins/woocommerce/includes/class-wc-cart.php(1259): WC_Shipping->calculate_shipping(Array)
#4 /home/jotner/domains/jotner.se/public_html/eznet/wp-content/plugins/woocommerce/includes/class-wc-cart-totals.php(345): WC_Cart->calculate_shipp i /home/jotner/domains/jotner.se/public_html/eznet/wp-content/plugins/frakt-bud.php på rad 61

2019-12-14T17:43:43+00:00 CRITICAL Uncaught Error: Call to undefined method WC_Shipping::get_shipping_classes_id() in /home/jotner/domains/jotner.se/public_html/eznet/wp-content/plugins/frakt-bud.php:61
Stack trace:
#0 /home/jotner/domains/jotner.se/public_html/eznet/wp-content/plugins/woocommerce/includes/abstracts/abstract-wc-shipping-method.php(233): Imp_WC_Pickup_Shipping_Method->calculate_shipping(Array)
#1 /home/jotner/domains/jotner.se/public_html/eznet/wp-content/plugins/woocommerce/includes/class-wc-shipping.php(334): WC_Shipping_Method->get_rates_for_package(Array)
#2 /home/jotner/domains/jotner.se/public_html/eznet/wp-content/plugins/woocommerce/includes/class-wc-shipping.php(258): WC_Shipping->calculate_shipping_for_package(Array, 0)
#3 /home/jotner/domains/jotner.se/public_html/eznet/wp-content/plugins/woocommerce/includes/class-wc-cart.php(1259): WC_Shipping->calculate_shipping(Array)
#4 /home/jotner/domains/jotner.se/public_html/eznet/wp-content/plugins/woocommerce/includes/class-wc-cart-totals.php(345): WC_Cart->calculate_shipp i /home/jotner/domains/jotner.se/public_html/eznet/wp-content/plugins/frakt-bud.php på rad 61

2019-12-14T17:43:52+00:00 CRITICAL Uncaught Error: Call to undefined method WC_Shipping::get_shipping_classes_id() in /home/jotner/domains/jotner.se/public_html/eznet/wp-content/plugins/frakt-bud.php:61
Stack trace:
#0 /home/jotner/domains/jotner.se/public_html/eznet/wp-content/plugins/woocommerce/includes/abstracts/abstract-wc-shipping-method.php(233): Imp_WC_Pickup_Shipping_Method->calculate_shipping(Array)
#1 /home/jotner/domains/jotner.se/public_html/eznet/wp-content/plugins/woocommerce/includes/class-wc-shipping.php(334): WC_Shipping_Method->get_rates_for_package(Array)
#2 /home/jotner/domains/jotner.se/public_html/eznet/wp-content/plugins/woocommerce/includes/class-wc-shipping.php(258): WC_Shipping->calculate_shipping_for_package(Array, 0)
#3 /home/jotner/domains/jotner.se/public_html/eznet/wp-content/plugins/woocommerce/includes/class-wc-cart.php(1259): WC_Shipping->calculate_shipping(Array)
#4 /home/jotner/domains/jotner.se/public_html/eznet/wp-content/plugins/woocommerce/includes/class-wc-cart-totals.php(345): WC_Cart->calculate_shipp i /home/jotner/domains/jotner.se/public_html/eznet/wp-content/plugins/frakt-bud.php på rad 61

2019-12-14T17:44:12+00:00 CRITICAL Uncaught Error: Call to undefined method WC_Shipping::get_shipping_classes_id() in /home/jotner/domains/jotner.se/public_html/eznet/wp-content/plugins/frakt-bud.php:61
Stack trace:
#0 /home/jotner/domains/jotner.se/public_html/eznet/wp-content/plugins/woocommerce/includes/abstracts/abstract-wc-shipping-method.php(233): Imp_WC_Pickup_Shipping_Method->calculate_shipping(Array)
#1 /home/jotner/domains/jotner.se/public_html/eznet/wp-content/plugins/woocommerce/includes/class-wc-shipping.php(334): WC_Shipping_Method->get_rates_for_package(Array)
#2 /home/jotner/domains/jotner.se/public_html/eznet/wp-content/plugins/woocommerce/includes/class-wc-shipping.php(258): WC_Shipping->calculate_shipping_for_package(Array, 0)
#3 /home/jotner/domains/jotner.se/public_html/eznet/wp-content/plugins/woocommerce/includes/class-wc-cart.php(1259): WC_Shipping->calculate_shipping(Array)
#4 /home/jotner/domains/jotner.se/public_html/eznet/wp-content/plugins/woocommerce/includes/class-wc-cart-totals.php(345): WC_Cart->calculate_shipp i /home/jotner/domains/jotner.se/public_html/eznet/wp-content/plugins/frakt-bud.php på rad 61

2019-12-14T17:44:15+00:00 CRITICAL Uncaught Error: Call to undefined method WC_Shipping::get_shipping_classes_id() in /home/jotner/domains/jotner.se/public_html/eznet/wp-content/plugins/frakt-bud.php:61
Stack trace:
#0 /home/jotner/domains/jotner.se/public_html/eznet/wp-content/plugins/woocommerce/includes/abstracts/abstract-wc-shipping-method.php(233): Imp_WC_Pickup_Shipping_Method->calculate_shipping(Array)
#1 /home/jotner/domains/jotner.se/public_html/eznet/wp-content/plugins/woocommerce/includes/class-wc-shipping.php(334): WC_Shipping_Method->get_rates_for_package(Array)
#2 /home/jotner/domains/jotner.se/public_html/eznet/wp-content/plugins/woocommerce/includes/class-wc-shipping.php(258): WC_Shipping->calculate_shipping_for_package(Array, 0)
#3 /home/jotner/domains/jotner.se/public_html/eznet/wp-content/plugins/woocommerce/includes/class-wc-cart.php(1259): WC_Shipping->calculate_shipping(Array)
#4 /home/jotner/domains/jotner.se/public_html/eznet/wp-content/plugins/woocommerce/includes/class-wc-cart-totals.php(345): WC_Cart->calculate_shipp i /home/jotner/domains/jotner.se/public_html/eznet/wp-content/plugins/frakt-bud.php på rad 61

2019-12-14T17:44:36+00:00 CRITICAL Uncaught Error: Call to undefined method WC_Shipping::get_shipping_class_id() in /home/jotner/domains/jotner.se/public_html/eznet/wp-content/plugins/frakt-bud.php:61
Stack trace:
#0 /home/jotner/domains/jotner.se/public_html/eznet/wp-content/plugins/woocommerce/includes/abstracts/abstract-wc-shipping-method.php(233): Imp_WC_Pickup_Shipping_Method->calculate_shipping(Array)
#1 /home/jotner/domains/jotner.se/public_html/eznet/wp-content/plugins/woocommerce/includes/class-wc-shipping.php(334): WC_Shipping_Method->get_rates_for_package(Array)
#2 /home/jotner/domains/jotner.se/public_html/eznet/wp-content/plugins/woocommerce/includes/class-wc-shipping.php(258): WC_Shipping->calculate_shipping_for_package(Array, 0)
#3 /home/jotner/domains/jotner.se/public_html/eznet/wp-content/plugins/woocommerce/includes/class-wc-cart.php(1259): WC_Shipping->calculate_shipping(Array)
#4 /home/jotner/domains/jotner.se/public_html/eznet/wp-content/plugins/woocommerce/includes/class-wc-cart-totals.php(345): WC_Cart->calculate_shippin i /home/jotner/domains/jotner.se/public_html/eznet/wp-content/plugins/frakt-bud.php på rad 61

2019-12-14T17:44:38+00:00 CRITICAL Uncaught Error: Call to undefined method WC_Shipping::get_shipping_class_id() in /home/jotner/domains/jotner.se/public_html/eznet/wp-content/plugins/frakt-bud.php:61
Stack trace:
#0 /home/jotner/domains/jotner.se/public_html/eznet/wp-content/plugins/woocommerce/includes/abstracts/abstract-wc-shipping-method.php(233): Imp_WC_Pickup_Shipping_Method->calculate_shipping(Array)
#1 /home/jotner/domains/jotner.se/public_html/eznet/wp-content/plugins/woocommerce/includes/class-wc-shipping.php(334): WC_Shipping_Method->get_rates_for_package(Array)
#2 /home/jotner/domains/jotner.se/public_html/eznet/wp-content/plugins/woocommerce/includes/class-wc-shipping.php(258): WC_Shipping->calculate_shipping_for_package(Array, 0)
#3 /home/jotner/domains/jotner.se/public_html/eznet/wp-content/plugins/woocommerce/includes/class-wc-cart.php(1259): WC_Shipping->calculate_shipping(Array)
#4 /home/jotner/domains/jotner.se/public_html/eznet/wp-content/plugins/woocommerce/includes/class-wc-cart-totals.php(345): WC_Cart->calculate_shippin i /home/jotner/domains/jotner.se/public_html/eznet/wp-content/plugins/frakt-bud.php på rad 61

