2019-12-21T16:41:30+00:00 DEBUG 
====Stripe Version: 4.3.1====
====Start Log====
Domain association file updated.
====End Log====


2019-12-21T16:41:30+00:00 DEBUG 
====Stripe Version: 4.3.1====
====Start Log====
Error: Det gick inte att verifiera domän - hemlig nyckel saknas.
====End Log====


2019-12-21T16:46:33+00:00 DEBUG 
====Stripe Version: 4.3.1====
====Start Log====
Error: Det gick inte att verifiera domän - hemlig nyckel saknas.
====End Log====


2019-12-21T16:48:22+00:00 DEBUG 
====Stripe Version: 4.3.1====
====Start Log====
Error: Det gick inte att verifiera domän - hemlig nyckel saknas.
====End Log====


2019-12-21T16:54:38+00:00 DEBUG 
====Stripe Version: 4.3.1====
====Start Log====
sources/src_1FsBDsF2FXmhzS1Zx1XRnZcv
====End Log====


2019-12-21T16:54:39+00:00 DEBUG 
====Stripe Version: 4.3.1====
====Start Log====
customers request: Array
(
    [email] => admin@eznet123.se
    [description] => Name: Hans Åkesson, Username: Hans
    [metadata] => Array
        (
        )

)

====End Log====


2019-12-21T16:54:40+00:00 DEBUG 
====Stripe Version: 4.3.1====
====Start Log====
Info: Begin processing payment for order 520 for the amount of 948
====End Log====


2019-12-21T16:54:40+00:00 DEBUG 
====Stripe Version: 4.3.1====
====Start Log====
payment_intents request: Array
(
    [source] => src_1FsBDsF2FXmhzS1Zx1XRnZcv
    [amount] => 94800
    [currency] => sek
    [description] => Eznet - Order 520
    [metadata] => Array
        (
            [kundens_namn] => Hans Åkesson
            [kundens_epost] => admin@eznet123.se
            [order_id] => 520
        )

    [capture_method] => automatic
    [payment_method_types] => Array
        (
            [0] => card
        )

    [customer] => cus_GOzCuly3QPFdxo
    [statement_descriptor] => EZNET
)

====End Log====


2019-12-21T16:54:40+00:00 DEBUG 
====Stripe Version: 4.3.1====
====Start Log====
Stripe PaymentIntent pi_1FsBDwF2FXmhzS1ZLC3khWgM initiated for order 520
====End Log====


2019-12-21T16:54:40+00:00 DEBUG 
====Stripe Version: 4.3.1====
====Start Log====
payment_intents/pi_1FsBDwF2FXmhzS1ZLC3khWgM/confirm request: Array
(
    [source] => src_1FsBDsF2FXmhzS1Zx1XRnZcv
)

====End Log====


2019-12-21T16:54:42+00:00 DEBUG 
====Stripe Version: 4.3.1====
====Start Log====
Stripe PaymentIntent pi_1FsBDwF2FXmhzS1ZLC3khWgM succeeded for order 520
====End Log====


2019-12-21T16:54:42+00:00 DEBUG 
====Stripe Version: 4.3.1====
====Start Log====
Processing response: stdClass Object
(
    [id] => ch_1FsBDxF2FXmhzS1ZU8meVskE
    [object] => charge
    [amount] => 94800
    [amount_refunded] => 0
    [application] => 
    [application_fee] => 
    [application_fee_amount] => 
    [balance_transaction] => txn_1FsBDxF2FXmhzS1ZQtO5off0
    [billing_details] => stdClass Object
        (
            [address] => stdClass Object
                (
                    [city] => Kungsbacka
                    [country] => SE
                    [line1] => Storgatan 1
                    [line2] => 
                    [postal_code] => 43444
                    [state] => 
                )

            [email] => admin@eznet123.se
            [name] => Hans Åkesson
            [phone] => 081210 1231
        )

    [captured] => 1
    [created] => 1576947281
    [currency] => sek
    [customer] => cus_GOzCuly3QPFdxo
    [description] => Eznet - Order 520
    [destination] => 
    [dispute] => 
    [disputed] => 
    [failure_code] => 
    [failure_message] => 
    [fraud_details] => stdClass Object
        (
        )

    [invoice] => 
    [livemode] => 
    [metadata] => stdClass Object
        (
            [kundens_namn] => Hans Åkesson
            [kundens_epost] => admin@eznet123.se
            [order_id] => 520
        )

    [on_behalf_of] => 
    [order] => 
    [outcome] => stdClass Object
        (
            [network_status] => approved_by_network
            [reason] => 
            [risk_level] => normal
            [risk_score] => 15
            [seller_message] => Payment complete.
            [type] => authorized
        )

    [paid] => 1
    [payment_intent] => pi_1FsBDwF2FXmhzS1ZLC3khWgM
    [payment_method] => src_1FsBDsF2FXmhzS1Zx1XRnZcv
    [payment_method_details] => stdClass Object
        (
            [card] => stdClass Object
                (
                    [brand] => visa
                    [checks] => stdClass Object
                        (
                            [address_line1_check] => pass
                            [address_postal_code_check] => pass
                            [cvc_check] => pass
                        )

                    [country] => US
                    [exp_month] => 2
                    [exp_year] => 2020
                    [fingerprint] => 8yIV2LbkDSdI1r4z
                    [funding] => credit
                    [installments] => 
                    [last4] => 4242
                    [network] => visa
                    [three_d_secure] => 
                    [wallet] => 
                )

            [type] => card
        )

    [receipt_email] => 
    [receipt_number] => 
    [receipt_url] => https://pay.stripe.com/receipts/acct_1FsB1qF2FXmhzS1Z/ch_1FsBDxF2FXmhzS1ZU8meVskE/rcpt_GOzCk5d3IhTzUoPG3mGP6tXpMGfaeTs
    [refunded] => 
    [refunds] => stdClass Object
        (
            [object] => list
            [data] => Array
                (
                )

            [has_more] => 
            [total_count] => 0
            [url] => /v1/charges/ch_1FsBDxF2FXmhzS1ZU8meVskE/refunds
        )

    [review] => 
    [shipping] => 
    [source] => stdClass Object
        (
            [id] => src_1FsBDsF2FXmhzS1Zx1XRnZcv
            [object] => source
            [amount] => 
            [card] => stdClass Object
                (
                    [exp_month] => 2
                    [exp_year] => 2020
                    [last4] => 4242
                    [country] => US
                    [brand] => Visa
                    [address_line1_check] => pass
                    [address_zip_check] => pass
                    [cvc_check] => pass
                    [funding] => credit
                    [fingerprint] => 8yIV2LbkDSdI1r4z
                    [three_d_secure] => optional
                    [name] => 
                    [tokenization_method] => 
                    [dynamic_last4] => 
                )

            [client_secret] => src_client_secret_GOzC1oc4cOK4UiMHPX6a6Nxr
            [created] => 1576947281
            [currency] => 
            [flow] => none
            [livemode] => 
            [metadata] => stdClass Object
                (
                )

            [owner] => stdClass Object
                (
                    [address] => stdClass Object
                        (
                            [city] => Kungsbacka
                            [country] => SE
                            [line1] => Storgatan 1
                            [line2] => 
                            [postal_code] => 43444
                            [state] => 
                        )

                    [email] => admin@eznet123.se
                    [name] => Hans Åkesson
                    [phone] => 081210 1231
                    [verified_address] => 
                    [verified_email] => 
                    [verified_name] => 
                    [verified_phone] => 
                )

            [statement_descriptor] => 
            [status] => consumed
            [type] => card
            [usage] => reusable
        )

    [source_transfer] => 
    [statement_descriptor] => EZNET
    [statement_descriptor_suffix] => 
    [status] => succeeded
    [transfer_data] => 
    [transfer_group] => 
)

====End Log====


2019-12-21T16:54:42+00:00 DEBUG 
====Stripe Version: 4.3.1====
====Start Log====
balance/history/txn_1FsBDxF2FXmhzS1ZQtO5off0
====End Log====


2019-12-21T17:16:14+00:00 DEBUG 
====Stripe Version: 4.3.1====
====Start Log====
payment_intents/pi_1FsBDwF2FXmhzS1ZLC3khWgM request: Array
(
)

====End Log====


